<?xml version="1.0" encoding="UTF-8"?>
<!-- Generated by org.testng.reporters.JUnitReportReporter -->
<testsuite hostname="LAPTOP-L53CQVK8" failures="0" tests="1" name="TestNg_Basics.Demo" time="0.013" errors="0" timestamp="2024-02-23T21:21:19 IST" skipped="0">
  <testcase classname="TestNg_Basics.Demo" name="Login" time="0.013"/>
</testsuite> <!-- TestNg_Basics.Demo -->
